<?xml version="1.0" encoding="UTF-8"?>
<testsuite name="com.seniordesigndbgt.dashboardtest.modeltests.PressTest" tests="9" skipped="0" failures="0" errors="0" timestamp="2016-09-05T13:53:37" hostname="Thomass-MacBook-Pro-8.local" time="0.003">
  <properties/>
  <testcase name="testGetThumbnail" classname="com.seniordesigndbgt.dashboardtest.modeltests.PressTest" time="0.0"/>
  <testcase name="testGetTitle" classname="com.seniordesigndbgt.dashboardtest.modeltests.PressTest" time="0.0"/>
  <testcase name="testGetId" classname="com.seniordesigndbgt.dashboardtest.modeltests.PressTest" time="0.0"/>
  <testcase name="testGetBody" classname="com.seniordesigndbgt.dashboardtest.modeltests.PressTest" time="0.001"/>
  <testcase name="testGetTime" classname="com.seniordesigndbgt.dashboardtest.modeltests.PressTest" time="0.0"/>
  <testcase name="testGetUrl" classname="com.seniordesigndbgt.dashboardtest.modeltests.PressTest" time="0.0"/>
  <testcase name="testGetSource" classname="com.seniordesigndbgt.dashboardtest.modeltests.PressTest" time="0.0"/>
  <testcase name="testGetSentiment" classname="com.seniordesigndbgt.dashboardtest.modeltests.PressTest" time="0.0"/>
  <testcase name="testGetKeywords" classname="com.seniordesigndbgt.dashboardtest.modeltests.PressTest" time="0.0"/>
  <system-out><![CDATA[]]></system-out>
  <system-err><![CDATA[]]></system-err>
</testsuite>
