<?xml version="1.0" encoding="UTF-8"?>
<testsuite name="com.seniordesigndbgt.dashboardtest.modeltests.TwitterTest" tests="6" skipped="0" failures="0" errors="0" timestamp="2016-09-05T13:53:37" hostname="Thomass-MacBook-Pro-8.local" time="0.004">
  <properties/>
  <testcase name="testURL" classname="com.seniordesigndbgt.dashboardtest.modeltests.TwitterTest" time="0.003"/>
  <testcase name="testGetId" classname="com.seniordesigndbgt.dashboardtest.modeltests.TwitterTest" time="0.0"/>
  <testcase name="testImage" classname="com.seniordesigndbgt.dashboardtest.modeltests.TwitterTest" time="0.0"/>
  <testcase name="testToString" classname="com.seniordesigndbgt.dashboardtest.modeltests.TwitterTest" time="0.001"/>
  <testcase name="testGetText" classname="com.seniordesigndbgt.dashboardtest.modeltests.TwitterTest" time="0.0"/>
  <testcase name="testCreated" classname="com.seniordesigndbgt.dashboardtest.modeltests.TwitterTest" time="0.0"/>
  <system-out><![CDATA[]]></system-out>
  <system-err><![CDATA[]]></system-err>
</testsuite>
