<?xml version="1.0" encoding="UTF-8"?>
<testsuite name="com.seniordesigndbgt.dashboardtest.modeltests.ViewTest" tests="5" skipped="0" failures="0" errors="0" timestamp="2016-09-05T13:53:37" hostname="Thomass-MacBook-Pro-8.local" time="0.002">
  <properties/>
  <testcase name="testGetColumnOne" classname="com.seniordesigndbgt.dashboardtest.modeltests.ViewTest" time="0.001"/>
  <testcase name="testGetColumnTwo" classname="com.seniordesigndbgt.dashboardtest.modeltests.ViewTest" time="0.0"/>
  <testcase name="testGetName" classname="com.seniordesigndbgt.dashboardtest.modeltests.ViewTest" time="0.0"/>
  <testcase name="testGetUsername" classname="com.seniordesigndbgt.dashboardtest.modeltests.ViewTest" time="0.0"/>
  <testcase name="testGetColumnThree" classname="com.seniordesigndbgt.dashboardtest.modeltests.ViewTest" time="0.0"/>
  <system-out><![CDATA[]]></system-out>
  <system-err><![CDATA[]]></system-err>
</testsuite>
