<?xml version="1.0" encoding="UTF-8"?>
<testsuite name="com.seniordesigndbgt.dashboardtest.analyticstests.SentimentAnalyzerTest" tests="2" skipped="0" failures="0" errors="0" timestamp="2016-09-05T13:53:34" hostname="Thomass-MacBook-Pro-8.local" time="2.925">
  <properties/>
  <testcase name="testGetSentimentText" classname="com.seniordesigndbgt.dashboardtest.analyticstests.SentimentAnalyzerTest" time="1.209"/>
  <testcase name="testGetSentimentArticle" classname="com.seniordesigndbgt.dashboardtest.analyticstests.SentimentAnalyzerTest" time="1.716"/>
  <system-out><![CDATA[09:53:35.446 [Test worker] DEBUG o.a.h.c.protocol.RequestAddCookies - CookieSpec selected: best-match
09:53:35.459 [Test worker] DEBUG o.a.h.c.protocol.RequestAuthCache - Auth cache not set in the context
09:53:35.460 [Test worker] DEBUG o.a.h.i.c.PoolingHttpClientConnectionManager - Connection request: [route: {}->http://gateway-a.watsonplatform.net:80][total kept alive: 0; route allocated: 0 of 20; total allocated: 0 of 200]
09:53:35.475 [Test worker] DEBUG o.a.h.i.c.PoolingHttpClientConnectionManager - Connection leased: [id: 0][route: {}->http://gateway-a.watsonplatform.net:80][total kept alive: 0; route allocated: 1 of 20; total allocated: 1 of 200]
09:53:35.477 [Test worker] DEBUG o.a.h.impl.execchain.MainClientExec - Opening connection {}->http://gateway-a.watsonplatform.net:80
09:53:35.982 [Test worker] DEBUG o.a.h.i.c.HttpClientConnectionOperator - Connecting to gateway-a.watsonplatform.net/54.209.159.70:80
09:53:36.033 [Test worker] DEBUG o.a.h.i.c.HttpClientConnectionOperator - Connection established 192.168.0.15:55936<->54.209.159.70:80
09:53:36.034 [Test worker] DEBUG o.a.h.impl.execchain.MainClientExec - Executing request GET /calls/text/TextGetTextSentiment?apikey=329f2c9dac59bb494f29ef219b42d84b6896be5c&text=I+hate+potatoes.+They+are+the+worst.+Not+even+ketchup+will+save+them&outputMode=json HTTP/1.1
09:53:36.034 [Test worker] DEBUG o.a.h.impl.execchain.MainClientExec - Target auth state: UNCHALLENGED
09:53:36.035 [Test worker] DEBUG o.a.h.impl.execchain.MainClientExec - Proxy auth state: UNCHALLENGED
09:53:36.037 [Test worker] DEBUG org.apache.http.headers - http-outgoing-0 >> GET /calls/text/TextGetTextSentiment?apikey=329f2c9dac59bb494f29ef219b42d84b6896be5c&text=I+hate+potatoes.+They+are+the+worst.+Not+even+ketchup+will+save+them&outputMode=json HTTP/1.1
09:53:36.037 [Test worker] DEBUG org.apache.http.headers - http-outgoing-0 >> accept-encoding: gzip
09:53:36.037 [Test worker] DEBUG org.apache.http.headers - http-outgoing-0 >> user-agent: unirest-java/1.3.11
09:53:36.037 [Test worker] DEBUG org.apache.http.headers - http-outgoing-0 >> Host: gateway-a.watsonplatform.net
09:53:36.037 [Test worker] DEBUG org.apache.http.headers - http-outgoing-0 >> Connection: Keep-Alive
09:53:36.037 [Test worker] DEBUG org.apache.http.wire - http-outgoing-0 >> "GET /calls/text/TextGetTextSentiment?apikey=329f2c9dac59bb494f29ef219b42d84b6896be5c&text=I+hate+potatoes.+They+are+the+worst.+Not+even+ketchup+will+save+them&outputMode=json HTTP/1.1[\r][\n]"
09:53:36.037 [Test worker] DEBUG org.apache.http.wire - http-outgoing-0 >> "accept-encoding: gzip[\r][\n]"
09:53:36.037 [Test worker] DEBUG org.apache.http.wire - http-outgoing-0 >> "user-agent: unirest-java/1.3.11[\r][\n]"
09:53:36.037 [Test worker] DEBUG org.apache.http.wire - http-outgoing-0 >> "Host: gateway-a.watsonplatform.net[\r][\n]"
09:53:36.037 [Test worker] DEBUG org.apache.http.wire - http-outgoing-0 >> "Connection: Keep-Alive[\r][\n]"
09:53:36.037 [Test worker] DEBUG org.apache.http.wire - http-outgoing-0 >> "[\r][\n]"
09:53:36.084 [Test worker] DEBUG org.apache.http.wire - http-outgoing-0 << "HTTP/1.1 200 OK[\r][\n]"
09:53:36.085 [Test worker] DEBUG org.apache.http.wire - http-outgoing-0 << "Server: nginx[\r][\n]"
09:53:36.085 [Test worker] DEBUG org.apache.http.wire - http-outgoing-0 << "Date: Mon, 05 Sep 2016 13:53:35 GMT[\r][\n]"
09:53:36.085 [Test worker] DEBUG org.apache.http.wire - http-outgoing-0 << "Content-Type: application/json[\r][\n]"
09:53:36.085 [Test worker] DEBUG org.apache.http.wire - http-outgoing-0 << "Content-Length: 362[\r][\n]"
09:53:36.085 [Test worker] DEBUG org.apache.http.wire - http-outgoing-0 << "Connection: keep-alive[\r][\n]"
09:53:36.085 [Test worker] DEBUG org.apache.http.wire - http-outgoing-0 << "Cache-Control: no-cache[\r][\n]"
09:53:36.085 [Test worker] DEBUG org.apache.http.wire - http-outgoing-0 << "X-AlchemyAPI-CurrentVersion: 12.62[\r][\n]"
09:53:36.086 [Test worker] DEBUG org.apache.http.wire - http-outgoing-0 << "X-AlchemyAPI-Key: 329f2c9dac59bb494f29ef219b42d84b6896be5c[\r][\n]"
09:53:36.086 [Test worker] DEBUG org.apache.http.wire - http-outgoing-0 << "X-AlchemyAPI-Params: sentiment=0&knowledgeGraph=0&detectedLanguage=english&submitLanguage=detect[\r][\n]"
09:53:36.086 [Test worker] DEBUG org.apache.http.wire - http-outgoing-0 << "X-AlchemyAPI-Status: OK[\r][\n]"
09:53:36.086 [Test worker] DEBUG org.apache.http.wire - http-outgoing-0 << "X-AlchemyAPI-Text-Content-Size: 68[\r][\n]"
09:53:36.086 [Test worker] DEBUG org.apache.http.wire - http-outgoing-0 << "X-AlchemyAPI-Total-Transactions: 1[\r][\n]"
09:53:36.086 [Test worker] DEBUG org.apache.http.wire - http-outgoing-0 << "Access-Control-Allow-Origin: *[\r][\n]"
09:53:36.086 [Test worker] DEBUG org.apache.http.wire - http-outgoing-0 << "[\r][\n]"
09:53:36.086 [Test worker] DEBUG org.apache.http.wire - http-outgoing-0 << "{[\r][\n]"
09:53:36.087 [Test worker] DEBUG org.apache.http.wire - http-outgoing-0 << "    "status": "OK",[\r][\n]"
09:53:36.087 [Test worker] DEBUG org.apache.http.wire - http-outgoing-0 << "    "usage": "By accessing AlchemyAPI or using information generated by AlchemyAPI, you are agreeing to be bound by the AlchemyAPI Terms of Use: http://www.alchemyapi.com/company/terms.html",[\r][\n]"
09:53:36.087 [Test worker] DEBUG org.apache.http.wire - http-outgoing-0 << "    "totalTransactions": "1",[\n]"
09:53:36.087 [Test worker] DEBUG org.apache.http.wire - http-outgoing-0 << "    "language": "english",[\n]"
09:53:36.087 [Test worker] DEBUG org.apache.http.wire - http-outgoing-0 << "    "docSentiment": {[\n]"
09:53:36.087 [Test worker] DEBUG org.apache.http.wire - http-outgoing-0 << "        "score": "-0.806249",[\n]"
09:53:36.087 [Test worker] DEBUG org.apache.http.wire - http-outgoing-0 << "        "type": "negative"[\n]"
09:53:36.088 [Test worker] DEBUG org.apache.http.wire - http-outgoing-0 << "    }[\n]"
09:53:36.088 [Test worker] DEBUG org.apache.http.wire - http-outgoing-0 << "}[\r][\n]"
09:53:36.091 [Test worker] DEBUG org.apache.http.headers - http-outgoing-0 << HTTP/1.1 200 OK
09:53:36.091 [Test worker] DEBUG org.apache.http.headers - http-outgoing-0 << Server: nginx
09:53:36.091 [Test worker] DEBUG org.apache.http.headers - http-outgoing-0 << Date: Mon, 05 Sep 2016 13:53:35 GMT
09:53:36.091 [Test worker] DEBUG org.apache.http.headers - http-outgoing-0 << Content-Type: application/json
09:53:36.091 [Test worker] DEBUG org.apache.http.headers - http-outgoing-0 << Content-Length: 362
09:53:36.091 [Test worker] DEBUG org.apache.http.headers - http-outgoing-0 << Connection: keep-alive
09:53:36.091 [Test worker] DEBUG org.apache.http.headers - http-outgoing-0 << Cache-Control: no-cache
09:53:36.092 [Test worker] DEBUG org.apache.http.headers - http-outgoing-0 << X-AlchemyAPI-CurrentVersion: 12.62
09:53:36.092 [Test worker] DEBUG org.apache.http.headers - http-outgoing-0 << X-AlchemyAPI-Key: 329f2c9dac59bb494f29ef219b42d84b6896be5c
09:53:36.092 [Test worker] DEBUG org.apache.http.headers - http-outgoing-0 << X-AlchemyAPI-Params: sentiment=0&knowledgeGraph=0&detectedLanguage=english&submitLanguage=detect
09:53:36.092 [Test worker] DEBUG org.apache.http.headers - http-outgoing-0 << X-AlchemyAPI-Status: OK
09:53:36.092 [Test worker] DEBUG org.apache.http.headers - http-outgoing-0 << X-AlchemyAPI-Text-Content-Size: 68
09:53:36.092 [Test worker] DEBUG org.apache.http.headers - http-outgoing-0 << X-AlchemyAPI-Total-Transactions: 1
09:53:36.092 [Test worker] DEBUG org.apache.http.headers - http-outgoing-0 << Access-Control-Allow-Origin: *
09:53:36.096 [Test worker] DEBUG o.a.h.impl.execchain.MainClientExec - Connection can be kept alive indefinitely
09:53:36.099 [Test worker] DEBUG o.a.h.i.c.PoolingHttpClientConnectionManager - Connection [id: 0][route: {}->http://gateway-a.watsonplatform.net:80] can be kept alive indefinitely
09:53:36.100 [Test worker] DEBUG o.a.h.i.c.PoolingHttpClientConnectionManager - Connection released: [id: 0][route: {}->http://gateway-a.watsonplatform.net:80][total kept alive: 1; route allocated: 1 of 20; total allocated: 1 of 200]
09:53:36.105 [Test worker] DEBUG o.a.h.impl.execchain.MainClientExec - Cancelling request execution
09:53:36.126 [Test worker] DEBUG o.a.h.c.protocol.RequestAddCookies - CookieSpec selected: best-match
09:53:36.126 [Test worker] DEBUG o.a.h.c.protocol.RequestAuthCache - Auth cache not set in the context
09:53:36.126 [Test worker] DEBUG o.a.h.i.c.PoolingHttpClientConnectionManager - Connection request: [route: {}->http://gateway-a.watsonplatform.net:80][total kept alive: 1; route allocated: 1 of 20; total allocated: 1 of 200]
09:53:36.126 [Test worker] DEBUG o.a.h.i.c.PoolingHttpClientConnectionManager - Connection leased: [id: 0][route: {}->http://gateway-a.watsonplatform.net:80][total kept alive: 0; route allocated: 1 of 20; total allocated: 1 of 200]
09:53:36.126 [Test worker] DEBUG o.a.h.impl.execchain.MainClientExec - Stale connection check
09:53:36.129 [Test worker] DEBUG org.apache.http.wire - http-outgoing-0 << "[read] I/O error: Read timed out"
09:53:36.129 [Test worker] DEBUG o.a.h.impl.execchain.MainClientExec - Executing request GET /calls/text/TextGetTextSentiment?apikey=329f2c9dac59bb494f29ef219b42d84b6896be5c&text=This+is+so+awesome%21+I+love+tater+tots.+They+are+so+amazing+with+honey+mustard&outputMode=json HTTP/1.1
09:53:36.129 [Test worker] DEBUG o.a.h.impl.execchain.MainClientExec - Target auth state: UNCHALLENGED
09:53:36.129 [Test worker] DEBUG o.a.h.impl.execchain.MainClientExec - Proxy auth state: UNCHALLENGED
09:53:36.129 [Test worker] DEBUG org.apache.http.headers - http-outgoing-0 >> GET /calls/text/TextGetTextSentiment?apikey=329f2c9dac59bb494f29ef219b42d84b6896be5c&text=This+is+so+awesome%21+I+love+tater+tots.+They+are+so+amazing+with+honey+mustard&outputMode=json HTTP/1.1
09:53:36.129 [Test worker] DEBUG org.apache.http.headers - http-outgoing-0 >> accept-encoding: gzip
09:53:36.129 [Test worker] DEBUG org.apache.http.headers - http-outgoing-0 >> user-agent: unirest-java/1.3.11
09:53:36.129 [Test worker] DEBUG org.apache.http.headers - http-outgoing-0 >> Host: gateway-a.watsonplatform.net
09:53:36.130 [Test worker] DEBUG org.apache.http.headers - http-outgoing-0 >> Connection: Keep-Alive
09:53:36.130 [Test worker] DEBUG org.apache.http.wire - http-outgoing-0 >> "GET /calls/text/TextGetTextSentiment?apikey=329f2c9dac59bb494f29ef219b42d84b6896be5c&text=This+is+so+awesome%21+I+love+tater+tots.+They+are+so+amazing+with+honey+mustard&outputMode=json HTTP/1.1[\r][\n]"
09:53:36.130 [Test worker] DEBUG org.apache.http.wire - http-outgoing-0 >> "accept-encoding: gzip[\r][\n]"
09:53:36.130 [Test worker] DEBUG org.apache.http.wire - http-outgoing-0 >> "user-agent: unirest-java/1.3.11[\r][\n]"
09:53:36.130 [Test worker] DEBUG org.apache.http.wire - http-outgoing-0 >> "Host: gateway-a.watsonplatform.net[\r][\n]"
09:53:36.130 [Test worker] DEBUG org.apache.http.wire - http-outgoing-0 >> "Connection: Keep-Alive[\r][\n]"
09:53:36.130 [Test worker] DEBUG org.apache.http.wire - http-outgoing-0 >> "[\r][\n]"
09:53:36.168 [Test worker] DEBUG org.apache.http.wire - http-outgoing-0 << "HTTP/1.1 200 OK[\r][\n]"
09:53:36.168 [Test worker] DEBUG org.apache.http.wire - http-outgoing-0 << "Server: nginx[\r][\n]"
09:53:36.168 [Test worker] DEBUG org.apache.http.wire - http-outgoing-0 << "Date: Mon, 05 Sep 2016 13:53:35 GMT[\r][\n]"
09:53:36.168 [Test worker] DEBUG org.apache.http.wire - http-outgoing-0 << "Content-Type: application/json[\r][\n]"
09:53:36.168 [Test worker] DEBUG org.apache.http.wire - http-outgoing-0 << "Content-Length: 361[\r][\n]"
09:53:36.168 [Test worker] DEBUG org.apache.http.wire - http-outgoing-0 << "Connection: keep-alive[\r][\n]"
09:53:36.169 [Test worker] DEBUG org.apache.http.wire - http-outgoing-0 << "Cache-Control: no-cache[\r][\n]"
09:53:36.169 [Test worker] DEBUG org.apache.http.wire - http-outgoing-0 << "X-AlchemyAPI-CurrentVersion: 12.62[\r][\n]"
09:53:36.169 [Test worker] DEBUG org.apache.http.wire - http-outgoing-0 << "X-AlchemyAPI-Key: 329f2c9dac59bb494f29ef219b42d84b6896be5c[\r][\n]"
09:53:36.169 [Test worker] DEBUG org.apache.http.wire - http-outgoing-0 << "X-AlchemyAPI-Params: sentiment=0&knowledgeGraph=0&detectedLanguage=english&submitLanguage=detect[\r][\n]"
09:53:36.169 [Test worker] DEBUG org.apache.http.wire - http-outgoing-0 << "X-AlchemyAPI-Status: OK[\r][\n]"
09:53:36.169 [Test worker] DEBUG org.apache.http.wire - http-outgoing-0 << "X-AlchemyAPI-Text-Content-Size: 77[\r][\n]"
09:53:36.169 [Test worker] DEBUG org.apache.http.wire - http-outgoing-0 << "X-AlchemyAPI-Total-Transactions: 1[\r][\n]"
09:53:36.169 [Test worker] DEBUG org.apache.http.wire - http-outgoing-0 << "Access-Control-Allow-Origin: *[\r][\n]"
09:53:36.169 [Test worker] DEBUG org.apache.http.wire - http-outgoing-0 << "[\r][\n]"
09:53:36.170 [Test worker] DEBUG org.apache.http.wire - http-outgoing-0 << "{[\r][\n]"
09:53:36.170 [Test worker] DEBUG org.apache.http.wire - http-outgoing-0 << "    "status": "OK",[\r][\n]"
09:53:36.170 [Test worker] DEBUG org.apache.http.wire - http-outgoing-0 << "    "usage": "By accessing AlchemyAPI or using information generated by AlchemyAPI, you are agreeing to be bound by the AlchemyAPI Terms of Use: http://www.alchemyapi.com/company/terms.html",[\r][\n]"
09:53:36.170 [Test worker] DEBUG org.apache.http.wire - http-outgoing-0 << "    "totalTransactions": "1",[\n]"
09:53:36.170 [Test worker] DEBUG org.apache.http.wire - http-outgoing-0 << "    "language": "english",[\n]"
09:53:36.170 [Test worker] DEBUG org.apache.http.wire - http-outgoing-0 << "    "docSentiment": {[\n]"
09:53:36.170 [Test worker] DEBUG org.apache.http.wire - http-outgoing-0 << "        "score": "0.772153",[\n]"
09:53:36.170 [Test worker] DEBUG org.apache.http.wire - http-outgoing-0 << "        "type": "positive"[\n]"
09:53:36.170 [Test worker] DEBUG org.apache.http.wire - http-outgoing-0 << "    }[\n]"
09:53:36.170 [Test worker] DEBUG org.apache.http.wire - http-outgoing-0 << "}[\r][\n]"
09:53:36.171 [Test worker] DEBUG org.apache.http.headers - http-outgoing-0 << HTTP/1.1 200 OK
09:53:36.171 [Test worker] DEBUG org.apache.http.headers - http-outgoing-0 << Server: nginx
09:53:36.171 [Test worker] DEBUG org.apache.http.headers - http-outgoing-0 << Date: Mon, 05 Sep 2016 13:53:35 GMT
09:53:36.171 [Test worker] DEBUG org.apache.http.headers - http-outgoing-0 << Content-Type: application/json
09:53:36.171 [Test worker] DEBUG org.apache.http.headers - http-outgoing-0 << Content-Length: 361
09:53:36.171 [Test worker] DEBUG org.apache.http.headers - http-outgoing-0 << Connection: keep-alive
09:53:36.172 [Test worker] DEBUG org.apache.http.headers - http-outgoing-0 << Cache-Control: no-cache
09:53:36.172 [Test worker] DEBUG org.apache.http.headers - http-outgoing-0 << X-AlchemyAPI-CurrentVersion: 12.62
09:53:36.172 [Test worker] DEBUG org.apache.http.headers - http-outgoing-0 << X-AlchemyAPI-Key: 329f2c9dac59bb494f29ef219b42d84b6896be5c
09:53:36.172 [Test worker] DEBUG org.apache.http.headers - http-outgoing-0 << X-AlchemyAPI-Params: sentiment=0&knowledgeGraph=0&detectedLanguage=english&submitLanguage=detect
09:53:36.172 [Test worker] DEBUG org.apache.http.headers - http-outgoing-0 << X-AlchemyAPI-Status: OK
09:53:36.172 [Test worker] DEBUG org.apache.http.headers - http-outgoing-0 << X-AlchemyAPI-Text-Content-Size: 77
09:53:36.172 [Test worker] DEBUG org.apache.http.headers - http-outgoing-0 << X-AlchemyAPI-Total-Transactions: 1
09:53:36.172 [Test worker] DEBUG org.apache.http.headers - http-outgoing-0 << Access-Control-Allow-Origin: *
09:53:36.172 [Test worker] DEBUG o.a.h.impl.execchain.MainClientExec - Connection can be kept alive indefinitely
09:53:36.173 [Test worker] DEBUG o.a.h.i.c.PoolingHttpClientConnectionManager - Connection [id: 0][route: {}->http://gateway-a.watsonplatform.net:80] can be kept alive indefinitely
09:53:36.173 [Test worker] DEBUG o.a.h.i.c.PoolingHttpClientConnectionManager - Connection released: [id: 0][route: {}->http://gateway-a.watsonplatform.net:80][total kept alive: 1; route allocated: 1 of 20; total allocated: 1 of 200]
09:53:36.173 [Test worker] DEBUG o.a.h.impl.execchain.MainClientExec - Cancelling request execution
09:53:36.176 [Test worker] DEBUG o.a.h.c.protocol.RequestAddCookies - CookieSpec selected: best-match
09:53:36.176 [Test worker] DEBUG o.a.h.c.protocol.RequestAuthCache - Auth cache not set in the context
09:53:36.177 [Test worker] DEBUG o.a.h.i.c.PoolingHttpClientConnectionManager - Connection request: [route: {}->http://gateway-a.watsonplatform.net:80][total kept alive: 1; route allocated: 1 of 20; total allocated: 1 of 200]
09:53:36.177 [Test worker] DEBUG o.a.h.i.c.PoolingHttpClientConnectionManager - Connection leased: [id: 0][route: {}->http://gateway-a.watsonplatform.net:80][total kept alive: 0; route allocated: 1 of 20; total allocated: 1 of 200]
09:53:36.177 [Test worker] DEBUG o.a.h.impl.execchain.MainClientExec - Stale connection check
09:53:36.178 [Test worker] DEBUG org.apache.http.wire - http-outgoing-0 << "[read] I/O error: Read timed out"
09:53:36.178 [Test worker] DEBUG o.a.h.impl.execchain.MainClientExec - Executing request GET /calls/url/URLGetTextSentiment?url=http://www.bloomberg.com/news/articles/2016-02-25/ex-deutsche-bank-trader-zhou-admitted-to-mismarking-cmbs-trades&apikey=329f2c9dac59bb494f29ef219b42d84b6896be5c&outputMode=json&sourceText=cleaned HTTP/1.1
09:53:36.178 [Test worker] DEBUG o.a.h.impl.execchain.MainClientExec - Target auth state: UNCHALLENGED
09:53:36.179 [Test worker] DEBUG o.a.h.impl.execchain.MainClientExec - Proxy auth state: UNCHALLENGED
09:53:36.179 [Test worker] DEBUG org.apache.http.headers - http-outgoing-0 >> GET /calls/url/URLGetTextSentiment?url=http://www.bloomberg.com/news/articles/2016-02-25/ex-deutsche-bank-trader-zhou-admitted-to-mismarking-cmbs-trades&apikey=329f2c9dac59bb494f29ef219b42d84b6896be5c&outputMode=json&sourceText=cleaned HTTP/1.1
09:53:36.179 [Test worker] DEBUG org.apache.http.headers - http-outgoing-0 >> accept-encoding: gzip
09:53:36.179 [Test worker] DEBUG org.apache.http.headers - http-outgoing-0 >> user-agent: unirest-java/1.3.11
09:53:36.179 [Test worker] DEBUG org.apache.http.headers - http-outgoing-0 >> Host: gateway-a.watsonplatform.net
09:53:36.179 [Test worker] DEBUG org.apache.http.headers - http-outgoing-0 >> Connection: Keep-Alive
09:53:36.179 [Test worker] DEBUG org.apache.http.wire - http-outgoing-0 >> "GET /calls/url/URLGetTextSentiment?url=http://www.bloomberg.com/news/articles/2016-02-25/ex-deutsche-bank-trader-zhou-admitted-to-mismarking-cmbs-trades&apikey=329f2c9dac59bb494f29ef219b42d84b6896be5c&outputMode=json&sourceText=cleaned HTTP/1.1[\r][\n]"
09:53:36.179 [Test worker] DEBUG org.apache.http.wire - http-outgoing-0 >> "accept-encoding: gzip[\r][\n]"
09:53:36.179 [Test worker] DEBUG org.apache.http.wire - http-outgoing-0 >> "user-agent: unirest-java/1.3.11[\r][\n]"
09:53:36.179 [Test worker] DEBUG org.apache.http.wire - http-outgoing-0 >> "Host: gateway-a.watsonplatform.net[\r][\n]"
09:53:36.179 [Test worker] DEBUG org.apache.http.wire - http-outgoing-0 >> "Connection: Keep-Alive[\r][\n]"
09:53:36.180 [Test worker] DEBUG org.apache.http.wire - http-outgoing-0 >> "[\r][\n]"
09:53:37.057 [Test worker] DEBUG org.apache.http.wire - http-outgoing-0 << "HTTP/1.1 200 OK[\r][\n]"
09:53:37.057 [Test worker] DEBUG org.apache.http.wire - http-outgoing-0 << "Server: nginx[\r][\n]"
09:53:37.057 [Test worker] DEBUG org.apache.http.wire - http-outgoing-0 << "Date: Mon, 05 Sep 2016 13:53:36 GMT[\r][\n]"
09:53:37.057 [Test worker] DEBUG org.apache.http.wire - http-outgoing-0 << "Content-Type: application/json[\r][\n]"
09:53:37.057 [Test worker] DEBUG org.apache.http.wire - http-outgoing-0 << "Transfer-Encoding: chunked[\r][\n]"
09:53:37.057 [Test worker] DEBUG org.apache.http.wire - http-outgoing-0 << "Connection: keep-alive[\r][\n]"
09:53:37.057 [Test worker] DEBUG org.apache.http.wire - http-outgoing-0 << "Cache-Control: no-cache[\r][\n]"
09:53:37.058 [Test worker] DEBUG org.apache.http.wire - http-outgoing-0 << "X-AlchemyAPI-CurrentVersion: 12.62[\r][\n]"
09:53:37.058 [Test worker] DEBUG org.apache.http.wire - http-outgoing-0 << "X-AlchemyAPI-Key: 329f2c9dac59bb494f29ef219b42d84b6896be5c[\r][\n]"
09:53:37.058 [Test worker] DEBUG org.apache.http.wire - http-outgoing-0 << "X-AlchemyAPI-Params: sentiment=0&knowledgeGraph=0&detectedLanguage=english&submitLanguage=detect[\r][\n]"
09:53:37.058 [Test worker] DEBUG org.apache.http.wire - http-outgoing-0 << "X-AlchemyAPI-Raw-Content-Size: 160454[\r][\n]"
09:53:37.058 [Test worker] DEBUG org.apache.http.wire - http-outgoing-0 << "X-AlchemyAPI-Requested-URL: http://www.bloomberg.com/news/articles/2016-02-25/ex-deutsche-bank-trader-zhou-admitted-to-mismarking-cmbs-trades[\r][\n]"
09:53:37.058 [Test worker] DEBUG org.apache.http.wire - http-outgoing-0 << "X-AlchemyAPI-Retrieved-URL: http://www.bloomberg.com/news/articles/2016-02-25/ex-deutsche-bank-trader-zhou-admitted-to-mismarking-cmbs-trades[\r][\n]"
09:53:37.058 [Test worker] DEBUG org.apache.http.wire - http-outgoing-0 << "X-AlchemyAPI-Status: OK[\r][\n]"
09:53:37.058 [Test worker] DEBUG org.apache.http.wire - http-outgoing-0 << "X-AlchemyAPI-Text-Content-Size: 1671[\r][\n]"
09:53:37.058 [Test worker] DEBUG org.apache.http.wire - http-outgoing-0 << "X-AlchemyAPI-Total-Transactions: 1[\r][\n]"
09:53:37.059 [Test worker] DEBUG org.apache.http.wire - http-outgoing-0 << "Access-Control-Allow-Origin: *[\r][\n]"
09:53:37.059 [Test worker] DEBUG org.apache.http.wire - http-outgoing-0 << "Content-Encoding: gzip[\r][\n]"
09:53:37.059 [Test worker] DEBUG org.apache.http.wire - http-outgoing-0 << "[\r][\n]"
09:53:37.059 [Test worker] DEBUG org.apache.http.wire - http-outgoing-0 << "14f[\r][\n]"
09:53:37.060 [Test worker] DEBUG org.apache.http.wire - http-outgoing-0 << "[0x1f][0x8b][0x8][0x0][0x0][0x0][0x0][0x0][0x0][0x3]MQAn[0xc2]0[0x10][0xbc]#[0xf1][0x87]U[0xce][0x98][0x84][0x88]V[0x15]7z[0xab]zh[0xa5][0xd2][0x7]l[0x9c]%[0xb1][0x88][0xed][0xc8]^7[0xa4][0x88][0xbf][0xd7]q@[0xc5][0x92]}[0xd8][0x19][0x8f]vf.[0xcb][0x5][0xc4][0x93]yF[0xe]>[0xdb]A[0xf6][0xf1][0x9e][0xad]n[0xc3][0xe0][0xb1][0xa1]i[0xf6]:[0x2]JI[0xde]+[0xd3][0xc0][0xbe][0x93]-[0xe9]q[0xff][0xf9][0x6][0xd6]AH3e[0x8e][0xd6]ide[\r]4d[0xc8]!S[\r][0xd5][0xf8]@^[0xc1]h[0x3][0xa0]#[0xc0][0xc6][0x11]MJl[0xa1]"[0xa8]l0[0x89][0xcb]-=[0xf0][0xe1]@N{[0xb0]G[0xf8][0xf6][0xb4][0x83][0x96][0xb9][0xdf][0xe5][0xf9]0[0xc]k[0x9c][0x17][0xc0]^[0xad][0xa5][0xd5]y[0xbc]=[0x9a]1[0xe7][0x89][0xbf]nYw[0xff][0x6]\7[0xad][0xff][0xf0][0xb7][0xea][0xac][0xd5][0x15][0xb9]&}54[0xf8][0x1c][0x1d]+[0xd9][0x91][0xcf][0xcb]b[0xf3],[0x8a]R[0x94]O9[0x9d]EM[0x81]}t**4'[0xc1][0xe]kr[0xe2][0xb7][0xb5]A`[0xad][0x15]G]]>&#x7f;<![CDATA[[0x82][0xad][0xd0][0xca]kt[0xa7][0xe8]FH][0xf9][0x99][0xe7][0xb3][0xd5][0x9c]*[[0xc6][0xee][0xe0][0xd0]x[0x94]S6)[0xe0][0xcd][0x1d][0xed][0xd0]4[0xe1][0x96]0[0x99][0xa6]S[0xbe][0xbd]C[0xb5][0x95]_dX[0xe9][0xf8]D[0x7][0x97]$[0x97][0x8a][0xd2][0xea]L[0xf5]d[0xea].3[0xd7]'[0xad]KM[0x89]b[0xbd]})[0xb6][0xe5]M([0x81]<[0xf6][0x9]3[0xd4][0xc4][0x86]~(Kj[0xd7][0xc5]u[0xb9][0xf8][0x3][0xa9][0x99]S[\n]"
09:53:37.060 [Test worker] DEBUG org.apache.http.wire - http-outgoing-0 << "[0xff][0x1][0x0][0x0][\r][\n]"
09:53:37.060 [Test worker] DEBUG org.apache.http.wire - http-outgoing-0 << "0[\r][\n]"
09:53:37.060 [Test worker] DEBUG org.apache.http.wire - http-outgoing-0 << "[\r][\n]"
09:53:37.060 [Test worker] DEBUG org.apache.http.headers - http-outgoing-0 << HTTP/1.1 200 OK
09:53:37.060 [Test worker] DEBUG org.apache.http.headers - http-outgoing-0 << Server: nginx
09:53:37.060 [Test worker] DEBUG org.apache.http.headers - http-outgoing-0 << Date: Mon, 05 Sep 2016 13:53:36 GMT
09:53:37.060 [Test worker] DEBUG org.apache.http.headers - http-outgoing-0 << Content-Type: application/json
09:53:37.061 [Test worker] DEBUG org.apache.http.headers - http-outgoing-0 << Transfer-Encoding: chunked
09:53:37.061 [Test worker] DEBUG org.apache.http.headers - http-outgoing-0 << Connection: keep-alive
09:53:37.061 [Test worker] DEBUG org.apache.http.headers - http-outgoing-0 << Cache-Control: no-cache
09:53:37.061 [Test worker] DEBUG org.apache.http.headers - http-outgoing-0 << X-AlchemyAPI-CurrentVersion: 12.62
09:53:37.061 [Test worker] DEBUG org.apache.http.headers - http-outgoing-0 << X-AlchemyAPI-Key: 329f2c9dac59bb494f29ef219b42d84b6896be5c
09:53:37.061 [Test worker] DEBUG org.apache.http.headers - http-outgoing-0 << X-AlchemyAPI-Params: sentiment=0&knowledgeGraph=0&detectedLanguage=english&submitLanguage=detect
09:53:37.061 [Test worker] DEBUG org.apache.http.headers - http-outgoing-0 << X-AlchemyAPI-Raw-Content-Size: 160454
09:53:37.061 [Test worker] DEBUG org.apache.http.headers - http-outgoing-0 << X-AlchemyAPI-Requested-URL: http://www.bloomberg.com/news/articles/2016-02-25/ex-deutsche-bank-trader-zhou-admitted-to-mismarking-cmbs-trades
09:53:37.061 [Test worker] DEBUG org.apache.http.headers - http-outgoing-0 << X-AlchemyAPI-Retrieved-URL: http://www.bloomberg.com/news/articles/2016-02-25/ex-deutsche-bank-trader-zhou-admitted-to-mismarking-cmbs-trades
09:53:37.061 [Test worker] DEBUG org.apache.http.headers - http-outgoing-0 << X-AlchemyAPI-Status: OK
09:53:37.061 [Test worker] DEBUG org.apache.http.headers - http-outgoing-0 << X-AlchemyAPI-Text-Content-Size: 1671
09:53:37.061 [Test worker] DEBUG org.apache.http.headers - http-outgoing-0 << X-AlchemyAPI-Total-Transactions: 1
09:53:37.061 [Test worker] DEBUG org.apache.http.headers - http-outgoing-0 << Access-Control-Allow-Origin: *
09:53:37.061 [Test worker] DEBUG org.apache.http.headers - http-outgoing-0 << Content-Encoding: gzip
09:53:37.064 [Test worker] DEBUG o.a.h.impl.execchain.MainClientExec - Connection can be kept alive indefinitely
09:53:37.066 [Test worker] DEBUG o.a.h.i.c.PoolingHttpClientConnectionManager - Connection [id: 0][route: {}->http://gateway-a.watsonplatform.net:80] can be kept alive indefinitely
09:53:37.066 [Test worker] DEBUG o.a.h.i.c.PoolingHttpClientConnectionManager - Connection released: [id: 0][route: {}->http://gateway-a.watsonplatform.net:80][total kept alive: 1; route allocated: 1 of 20; total allocated: 1 of 200]
09:53:37.066 [Test worker] DEBUG o.a.h.impl.execchain.MainClientExec - Cancelling request execution
09:53:37.067 [Test worker] DEBUG o.a.h.c.protocol.RequestAddCookies - CookieSpec selected: best-match
09:53:37.067 [Test worker] DEBUG o.a.h.c.protocol.RequestAuthCache - Auth cache not set in the context
09:53:37.067 [Test worker] DEBUG o.a.h.i.c.PoolingHttpClientConnectionManager - Connection request: [route: {}->http://gateway-a.watsonplatform.net:80][total kept alive: 1; route allocated: 1 of 20; total allocated: 1 of 200]
09:53:37.069 [Test worker] DEBUG o.a.h.i.c.PoolingHttpClientConnectionManager - Connection leased: [id: 0][route: {}->http://gateway-a.watsonplatform.net:80][total kept alive: 0; route allocated: 1 of 20; total allocated: 1 of 200]
09:53:37.069 [Test worker] DEBUG o.a.h.impl.execchain.MainClientExec - Stale connection check
09:53:37.071 [Test worker] DEBUG org.apache.http.wire - http-outgoing-0 << "[read] I/O error: Read timed out"
09:53:37.071 [Test worker] DEBUG o.a.h.impl.execchain.MainClientExec - Executing request GET /calls/url/URLGetTextSentiment?url=http://www.bloomberg.com/news/audio/2016-02-23/silverstein-balance-sheets-are-best-drivers-of-performance-now&apikey=329f2c9dac59bb494f29ef219b42d84b6896be5c&outputMode=json&sourceText=cleaned HTTP/1.1
09:53:37.071 [Test worker] DEBUG o.a.h.impl.execchain.MainClientExec - Target auth state: UNCHALLENGED
09:53:37.071 [Test worker] DEBUG o.a.h.impl.execchain.MainClientExec - Proxy auth state: UNCHALLENGED
09:53:37.071 [Test worker] DEBUG org.apache.http.headers - http-outgoing-0 >> GET /calls/url/URLGetTextSentiment?url=http://www.bloomberg.com/news/audio/2016-02-23/silverstein-balance-sheets-are-best-drivers-of-performance-now&apikey=329f2c9dac59bb494f29ef219b42d84b6896be5c&outputMode=json&sourceText=cleaned HTTP/1.1
09:53:37.071 [Test worker] DEBUG org.apache.http.headers - http-outgoing-0 >> accept-encoding: gzip
09:53:37.072 [Test worker] DEBUG org.apache.http.headers - http-outgoing-0 >> user-agent: unirest-java/1.3.11
09:53:37.072 [Test worker] DEBUG org.apache.http.headers - http-outgoing-0 >> Host: gateway-a.watsonplatform.net
09:53:37.072 [Test worker] DEBUG org.apache.http.headers - http-outgoing-0 >> Connection: Keep-Alive
09:53:37.072 [Test worker] DEBUG org.apache.http.wire - http-outgoing-0 >> "GET /calls/url/URLGetTextSentiment?url=http://www.bloomberg.com/news/audio/2016-02-23/silverstein-balance-sheets-are-best-drivers-of-performance-now&apikey=329f2c9dac59bb494f29ef219b42d84b6896be5c&outputMode=json&sourceText=cleaned HTTP/1.1[\r][\n]"
09:53:37.072 [Test worker] DEBUG org.apache.http.wire - http-outgoing-0 >> "accept-encoding: gzip[\r][\n]"
09:53:37.072 [Test worker] DEBUG org.apache.http.wire - http-outgoing-0 >> "user-agent: unirest-java/1.3.11[\r][\n]"
09:53:37.072 [Test worker] DEBUG org.apache.http.wire - http-outgoing-0 >> "Host: gateway-a.watsonplatform.net[\r][\n]"
09:53:37.072 [Test worker] DEBUG org.apache.http.wire - http-outgoing-0 >> "Connection: Keep-Alive[\r][\n]"
09:53:37.072 [Test worker] DEBUG org.apache.http.wire - http-outgoing-0 >> "[\r][\n]"
09:53:37.884 [Test worker] DEBUG org.apache.http.wire - http-outgoing-0 << "HTTP/1.1 200 OK[\r][\n]"
09:53:37.884 [Test worker] DEBUG org.apache.http.wire - http-outgoing-0 << "Server: nginx[\r][\n]"
09:53:37.884 [Test worker] DEBUG org.apache.http.wire - http-outgoing-0 << "Date: Mon, 05 Sep 2016 13:53:36 GMT[\r][\n]"
09:53:37.884 [Test worker] DEBUG org.apache.http.wire - http-outgoing-0 << "Content-Type: application/json[\r][\n]"
09:53:37.884 [Test worker] DEBUG org.apache.http.wire - http-outgoing-0 << "Transfer-Encoding: chunked[\r][\n]"
09:53:37.884 [Test worker] DEBUG org.apache.http.wire - http-outgoing-0 << "Connection: keep-alive[\r][\n]"
09:53:37.884 [Test worker] DEBUG org.apache.http.wire - http-outgoing-0 << "Cache-Control: no-cache[\r][\n]"
09:53:37.885 [Test worker] DEBUG org.apache.http.wire - http-outgoing-0 << "X-AlchemyAPI-CurrentVersion: 12.62[\r][\n]"
09:53:37.885 [Test worker] DEBUG org.apache.http.wire - http-outgoing-0 << "X-AlchemyAPI-Key: 329f2c9dac59bb494f29ef219b42d84b6896be5c[\r][\n]"
09:53:37.885 [Test worker] DEBUG org.apache.http.wire - http-outgoing-0 << "X-AlchemyAPI-Params: sentiment=0&knowledgeGraph=0&detectedLanguage=english&submitLanguage=detect[\r][\n]"
09:53:37.885 [Test worker] DEBUG org.apache.http.wire - http-outgoing-0 << "X-AlchemyAPI-Raw-Content-Size: 132439[\r][\n]"
09:53:37.885 [Test worker] DEBUG org.apache.http.wire - http-outgoing-0 << "X-AlchemyAPI-Requested-URL: http://www.bloomberg.com/news/audio/2016-02-23/silverstein-balance-sheets-are-best-drivers-of-performance-now[\r][\n]"
09:53:37.885 [Test worker] DEBUG org.apache.http.wire - http-outgoing-0 << "X-AlchemyAPI-Retrieved-URL: http://www.bloomberg.com/news/audio/2016-02-23/silverstein-balance-sheets-are-best-drivers-of-performance-now[\r][\n]"
09:53:37.885 [Test worker] DEBUG org.apache.http.wire - http-outgoing-0 << "X-AlchemyAPI-Status: OK[\r][\n]"
09:53:37.885 [Test worker] DEBUG org.apache.http.wire - http-outgoing-0 << "X-AlchemyAPI-Text-Content-Size: 390[\r][\n]"
09:53:37.885 [Test worker] DEBUG org.apache.http.wire - http-outgoing-0 << "X-AlchemyAPI-Total-Transactions: 1[\r][\n]"
09:53:37.885 [Test worker] DEBUG org.apache.http.wire - http-outgoing-0 << "Access-Control-Allow-Origin: *[\r][\n]"
09:53:37.886 [Test worker] DEBUG org.apache.http.wire - http-outgoing-0 << "Content-Encoding: gzip[\r][\n]"
09:53:37.886 [Test worker] DEBUG org.apache.http.wire - http-outgoing-0 << "[\r][\n]"
09:53:37.886 [Test worker] DEBUG org.apache.http.wire - http-outgoing-0 << "14a[\r][\n]"
09:53:37.886 [Test worker] DEBUG org.apache.http.wire - http-outgoing-0 << "[0x1f][0x8b][0x8][0x0][0x0][0x0][0x0][0x0][0x0][0x3]MQ[0xc1]j[0xc3]0[0xc][0xbd][0x17][0xfa][0xf]"[0xe7][0xba]I[[0x18][o[0xdd]m[0xec][0xb0][0xc1][0xba][0xf]P[0x1c]51[0xd8]V[0xb0][0x95]e[0xa1][0xf4][0xdf][0x17][0xbb]-[0xab]A>[0xe8]==[0x9e][0x9e][0xce][0xcb][0x5][0xcc][0xaf][0x88][0x82]2[0xc4]b[0xf][0xc5][0xc7]{[0xb1][0xba]5[0x87][0x88]-[0xa5][0xde][0xeb][0x4][0xa8]5[0xc5]h|[0xb][0x7][0xab];r[0xd3][0xe1][0xf3][\r]8[0xc0][0x90]{[0xc6][0x9f]88[0x14][0xc3][0x1e]Z[0xf2][0x14]P[0xa8][0x81]zz [0xaf]`[0xe2][0x1]0[0x10]`[0x1b][0x88][0x92][0x92]0[0xd4][0x4]5[0xf]>s[0xa5][0xa3][0x7]>[0x1c])[0xb8][0x8]|[0x82][0xef]H{[0xe8]D[0xfa]}Y[0x8e][0xe3][0xb8][0xc6][0xab][0x1][0xec][0xcd]Z[0xb3]+[0xe7][0xea][0xd1]O[0xa5]$[0xfe][0xba][0x13]g[0xff][0x17][0x8]6[0xd9]]]>&#x7f;<![CDATA[[0x98][0xad]-[0xb3][0xab])[0xb4]y[0xd4][0xd3][0x18]K[0x1c][0x1a][0xc3][0xe5][0xb6][0xda]<[0xa9]j[0xab][0xb6][0xbb]2[0x1a][0xfb]C![0xca][0xec]Q[0xd5]h[0xd1]kR[0xb1]#[0x92][0xa8]f[0xfb][0xaa][0xa6]([0xaa][0x9]&q[0x14][0x9f]TO!/[0x9f]h[0x9e][0xc7]buMTX[0xd0][0x1e][0x3][0xfa][0x88]:[0xe5][0x92][0xc3][0xdd][0xdc][0xd1]Y[0xb5][0x1d]n[0xe9][0x92]o[0xad][0x89][0xdd][0x1d]jX]]>&#x7f;<![CDATA[[0x91][0x17][0xe3][0xe6]ov]]>&#x7f;<![CDATA[[0xce]r[0xf9]H[0xce][0xfc]R[0x93][0x16][0xba][0xcb]\O[0xa7]9[0xe4]+U[0xeb][0x97]][0xb5][0xab][0x9e]oB[0x19][0x94][0xa9][0xcf]X[0xcf][0xd1][0xc8]l[0xb9][0xc8]j[0x97][0xc5]e[0xb9][0xf8][0x3][0x89]jC[0xf3][0xfb][0x1][0x0][0x0][\r][\n]"
09:53:37.886 [Test worker] DEBUG org.apache.http.wire - http-outgoing-0 << "0[\r][\n]"
09:53:37.887 [Test worker] DEBUG org.apache.http.wire - http-outgoing-0 << "[\r][\n]"
09:53:37.887 [Test worker] DEBUG org.apache.http.headers - http-outgoing-0 << HTTP/1.1 200 OK
09:53:37.887 [Test worker] DEBUG org.apache.http.headers - http-outgoing-0 << Server: nginx
09:53:37.887 [Test worker] DEBUG org.apache.http.headers - http-outgoing-0 << Date: Mon, 05 Sep 2016 13:53:36 GMT
09:53:37.887 [Test worker] DEBUG org.apache.http.headers - http-outgoing-0 << Content-Type: application/json
09:53:37.887 [Test worker] DEBUG org.apache.http.headers - http-outgoing-0 << Transfer-Encoding: chunked
09:53:37.888 [Test worker] DEBUG org.apache.http.headers - http-outgoing-0 << Connection: keep-alive
09:53:37.888 [Test worker] DEBUG org.apache.http.headers - http-outgoing-0 << Cache-Control: no-cache
09:53:37.888 [Test worker] DEBUG org.apache.http.headers - http-outgoing-0 << X-AlchemyAPI-CurrentVersion: 12.62
09:53:37.888 [Test worker] DEBUG org.apache.http.headers - http-outgoing-0 << X-AlchemyAPI-Key: 329f2c9dac59bb494f29ef219b42d84b6896be5c
09:53:37.888 [Test worker] DEBUG org.apache.http.headers - http-outgoing-0 << X-AlchemyAPI-Params: sentiment=0&knowledgeGraph=0&detectedLanguage=english&submitLanguage=detect
09:53:37.888 [Test worker] DEBUG org.apache.http.headers - http-outgoing-0 << X-AlchemyAPI-Raw-Content-Size: 132439
09:53:37.888 [Test worker] DEBUG org.apache.http.headers - http-outgoing-0 << X-AlchemyAPI-Requested-URL: http://www.bloomberg.com/news/audio/2016-02-23/silverstein-balance-sheets-are-best-drivers-of-performance-now
09:53:37.888 [Test worker] DEBUG org.apache.http.headers - http-outgoing-0 << X-AlchemyAPI-Retrieved-URL: http://www.bloomberg.com/news/audio/2016-02-23/silverstein-balance-sheets-are-best-drivers-of-performance-now
09:53:37.888 [Test worker] DEBUG org.apache.http.headers - http-outgoing-0 << X-AlchemyAPI-Status: OK
09:53:37.888 [Test worker] DEBUG org.apache.http.headers - http-outgoing-0 << X-AlchemyAPI-Text-Content-Size: 390
09:53:37.888 [Test worker] DEBUG org.apache.http.headers - http-outgoing-0 << X-AlchemyAPI-Total-Transactions: 1
09:53:37.888 [Test worker] DEBUG org.apache.http.headers - http-outgoing-0 << Access-Control-Allow-Origin: *
09:53:37.888 [Test worker] DEBUG org.apache.http.headers - http-outgoing-0 << Content-Encoding: gzip
09:53:37.888 [Test worker] DEBUG o.a.h.impl.execchain.MainClientExec - Connection can be kept alive indefinitely
09:53:37.889 [Test worker] DEBUG o.a.h.i.c.PoolingHttpClientConnectionManager - Connection [id: 0][route: {}->http://gateway-a.watsonplatform.net:80] can be kept alive indefinitely
09:53:37.889 [Test worker] DEBUG o.a.h.i.c.PoolingHttpClientConnectionManager - Connection released: [id: 0][route: {}->http://gateway-a.watsonplatform.net:80][total kept alive: 1; route allocated: 1 of 20; total allocated: 1 of 200]
09:53:37.889 [Test worker] DEBUG o.a.h.impl.execchain.MainClientExec - Cancelling request execution
]]></system-out>
  <system-err><![CDATA[]]></system-err>
</testsuite>
