<?xml version="1.0" encoding="UTF-8"?>
<testsuite name="com.seniordesigndbgt.dashboardtest.modeltests.ModuleTest" tests="4" skipped="0" failures="0" errors="0" timestamp="2016-09-05T13:53:37" hostname="Thomass-MacBook-Pro-8.local" time="0.001">
  <properties/>
  <testcase name="testGetTitle" classname="com.seniordesigndbgt.dashboardtest.modeltests.ModuleTest" time="0.001"/>
  <testcase name="testGetId" classname="com.seniordesigndbgt.dashboardtest.modeltests.ModuleTest" time="0.0"/>
  <testcase name="testGetFragment" classname="com.seniordesigndbgt.dashboardtest.modeltests.ModuleTest" time="0.0"/>
  <testcase name="testGetApiEndpoint" classname="com.seniordesigndbgt.dashboardtest.modeltests.ModuleTest" time="0.0"/>
  <system-out><![CDATA[]]></system-out>
  <system-err><![CDATA[]]></system-err>
</testsuite>
