<?xml version="1.0" encoding="UTF-8"?>
<testsuite name="com.seniordesigndbgt.dashboardtest.analyticstests.TrendAnalyzerTest" tests="1" skipped="0" failures="0" errors="0" timestamp="2016-09-05T13:53:37" hostname="Thomass-MacBook-Pro-8.local" time="0.0">
  <properties/>
  <testcase name="testFindKeywords" classname="com.seniordesigndbgt.dashboardtest.analyticstests.TrendAnalyzerTest" time="0.0"/>
  <system-out><![CDATA[]]></system-out>
  <system-err><![CDATA[]]></system-err>
</testsuite>
