<?xml version="1.0" encoding="UTF-8"?>
<testsuite name="com.seniordesigndbgt.dashboardtest.modeltests.DailyStockTest" tests="4" skipped="0" failures="0" errors="0" timestamp="2016-09-05T13:53:37" hostname="Thomass-MacBook-Pro-8.local" time="0.038">
  <properties/>
  <testcase name="testConvertTime" classname="com.seniordesigndbgt.dashboardtest.modeltests.DailyStockTest" time="0.037"/>
  <testcase name="testGetValue" classname="com.seniordesigndbgt.dashboardtest.modeltests.DailyStockTest" time="0.0"/>
  <testcase name="testGetTime" classname="com.seniordesigndbgt.dashboardtest.modeltests.DailyStockTest" time="0.0"/>
  <testcase name="testGetSymbol" classname="com.seniordesigndbgt.dashboardtest.modeltests.DailyStockTest" time="0.0"/>
  <system-out><![CDATA[]]></system-out>
  <system-err><![CDATA[]]></system-err>
</testsuite>
