<?xml version="1.0" encoding="UTF-8"?>
<testsuite name="com.seniordesigndbgt.dashboardtest.modeltests.StockHistoryTest" tests="2" skipped="0" failures="0" errors="0" timestamp="2016-09-05T13:53:37" hostname="Thomass-MacBook-Pro-8.local" time="0.001">
  <properties/>
  <testcase name="testGetClosePrice" classname="com.seniordesigndbgt.dashboardtest.modeltests.StockHistoryTest" time="0.001"/>
  <testcase name="testGetDateStock" classname="com.seniordesigndbgt.dashboardtest.modeltests.StockHistoryTest" time="0.0"/>
  <system-out><![CDATA[]]></system-out>
  <system-err><![CDATA[]]></system-err>
</testsuite>
